<?xml version="1.0" encoding="UTF-8"?>
<robot generator="Robot 5.0.1 (Python 3.9.13 on win32)" generated="20220909 12:22:00.504" rpa="false" schemaversion="3">
<suite id="s1" name="Checkout" source="c:\Users\estradar\Desktop\Test Automation\development\r-shop-tests\Tests\Checkout.robot">
<test id="s1-t1" name="User should be able to Checkout single product" line="15">
<kw name="Begin Web Test" library="Common" type="SETUP">
<kw name="Open Browser" library="SeleniumLibrary">
<arg>about:blank</arg>
<arg>${BROWSER}</arg>
<doc>Opens a new browser instance to the optional ``url``.</doc>
<msg timestamp="20220909 12:22:02.072" level="INFO">Opening browser 'chrome' to base url 'about:blank'.</msg>
<status status="PASS" starttime="20220909 12:22:02.071" endtime="20220909 12:22:03.563"/>
</kw>
<status status="PASS" starttime="20220909 12:22:02.070" endtime="20220909 12:22:03.564"/>
</kw>
<kw name="Add Single Product to Cart" library="ShopPage">
<kw name="Navigate to &quot;Shop&quot; Page" library="Navigation">
<kw name="Load" library="LandingPage">
<kw name="Go To" library="SeleniumLibrary">
<arg>${START_URL}</arg>
<doc>Navigates the current browser window to the provided ``url``.</doc>
<msg timestamp="20220909 12:22:03.572" level="INFO">Opening url 'http://localhost/r-shop/'</msg>
<kw name="Capture Page Screenshot" library="SeleniumLibrary">
<doc>Takes a screenshot of the current page and embeds it into a log file.</doc>
<msg timestamp="20220909 12:22:07.953" level="FAIL">WebDriverException: Message: chrome not reachable
  (Session info: chrome=105.0.5195.102)
</msg>
<status status="FAIL" starttime="20220909 12:22:05.551" endtime="20220909 12:22:07.953"/>
</kw>
<msg timestamp="20220909 12:22:07.953" level="WARN">Keyword 'Capture Page Screenshot' could not be run on failure: WebDriverException: Message: chrome not reachable
  (Session info: chrome=105.0.5195.102)
</msg>
<msg timestamp="20220909 12:22:07.953" level="FAIL">WebDriverException: Message: unknown error: cannot determine loading status
from disconnected: received Inspector.detached event
  (Session info: chrome=105.0.5195.102)
</msg>
<status status="FAIL" starttime="20220909 12:22:03.571" endtime="20220909 12:22:07.959"/>
</kw>
<kw name="Maximize Browser Window" library="SeleniumLibrary">
<doc>Maximizes current browser window.</doc>
<status status="NOT RUN" starttime="20220909 12:22:07.959" endtime="20220909 12:22:07.959"/>
</kw>
<status status="FAIL" starttime="20220909 12:22:03.570" endtime="20220909 12:22:07.959"/>
</kw>
<kw name="Navigate to &quot;Shop&quot; Page" library="TopNav">
<status status="NOT RUN" starttime="20220909 12:22:07.959" endtime="20220909 12:22:07.960"/>
</kw>
<kw name="Verify Page Loaded" library="Shop">
<status status="NOT RUN" starttime="20220909 12:22:07.960" endtime="20220909 12:22:07.960"/>
</kw>
<status status="FAIL" starttime="20220909 12:22:03.570" endtime="20220909 12:22:07.960"/>
</kw>
<kw name="Add Single Product to Cart" library="Shop">
<status status="NOT RUN" starttime="20220909 12:22:07.960" endtime="20220909 12:22:07.960"/>
</kw>
<kw name="Navigate to &quot;Cart&quot; Page" library="TopNav">
<status status="NOT RUN" starttime="20220909 12:22:07.960" endtime="20220909 12:22:07.960"/>
</kw>
<kw name="Verify Page Loaded" library="Cart">
<status status="NOT RUN" starttime="20220909 12:22:07.960" endtime="20220909 12:22:07.960"/>
</kw>
<status status="FAIL" starttime="20220909 12:22:03.569" endtime="20220909 12:22:07.960"/>
</kw>
<kw name="Checkout Product" library="ShopPage">
<status status="NOT RUN" starttime="20220909 12:22:07.961" endtime="20220909 12:22:07.961"/>
</kw>
<kw name="End Web Test" library="Common" type="TEARDOWN">
<kw name="Close All Browsers" library="SeleniumLibrary">
<doc>Closes all open browsers and resets the browser cache.</doc>
<status status="PASS" starttime="20220909 12:22:07.962" endtime="20220909 12:22:10.024"/>
</kw>
<status status="PASS" starttime="20220909 12:22:07.961" endtime="20220909 12:22:10.024"/>
</kw>
<tag>Checkout Single Product</tag>
<status status="FAIL" starttime="20220909 12:22:02.067" endtime="20220909 12:22:10.024">WebDriverException: Message: unknown error: cannot determine loading status
from disconnected: received Inspector.detached event
  (Session info: chrome=105.0.5195.102)
</status>
</test>
<doc>This is Test Suite includes all available functionalities in the Checkout page</doc>
<status status="FAIL" starttime="20220909 12:22:00.504" endtime="20220909 12:22:10.027"/>
</suite>
<statistics>
<total>
<stat pass="0" fail="1" skip="0">All Tests</stat>
</total>
<tag>
<stat pass="0" fail="1" skip="0">Checkout Single Product</stat>
</tag>
<suite>
<stat pass="0" fail="1" skip="0" id="s1" name="Checkout">Checkout</stat>
</suite>
</statistics>
<errors>
<msg timestamp="20220909 12:22:07.953" level="WARN">Keyword 'Capture Page Screenshot' could not be run on failure: WebDriverException: Message: chrome not reachable
  (Session info: chrome=105.0.5195.102)
</msg>
</errors>
</robot>
