<?xml version="1.0" encoding="UTF-8"?>
<robot generator="Robot 5.0.1 (Python 3.10.7 on win32)" generated="20220911 12:24:23.025" rpa="false" schemaversion="3">
<suite id="s1" name="Pagenavigation" source="C:\Users\estradar\Desktop\Test Automation\development\r-shop-tests\tests\pagenavigation.robot">
<test id="s1-t1" name="User should be able to navigate the &quot;Home&quot; page" line="11">
<kw name="Begin Web Test" library="Common" type="SETUP">
<kw name="Open Browser" library="SeleniumLibrary">
<arg>about:blank</arg>
<arg>${BROWSER}</arg>
<arg>remote_url=${REMOTE_URL}</arg>
<arg>desired_capabilities=${DESIRED_CAPABILITIES}</arg>
<doc>Opens a new browser instance to the optional ``url``.</doc>
<msg timestamp="20220911 12:24:23.304" level="INFO">Opening browser 'ff' to base url 'about:blank' through remote server at 'https://oauth-estradarichard1995-74e6a:94f3f937-e0c9-4b4a-82b6-bc4ae50187d9@ondemand.eu-central-1.saucelabs.com:443/wd/hub'.</msg>
<msg timestamp="20220911 12:24:24.153" level="INFO">Cannot capture screenshot because no browser is open.</msg>
<msg timestamp="20220911 12:24:24.154" level="FAIL">WebDriverException: Message: 

Misconfigured -- Unsupported Browser Version for W3C
The browser version selected does not support W3C web protocol tests.
To fix this, specify the browser version to be 75 or higher.
Or downgrade your test to JWP to test on older browser versions.

See https://wiki.saucelabs.com/display/DOCS/W3C+Capabilities+Support for more details.
</msg>
<status status="FAIL" starttime="20220911 12:24:23.303" endtime="20220911 12:24:24.165"/>
</kw>
<status status="FAIL" starttime="20220911 12:24:23.302" endtime="20220911 12:24:24.166"/>
</kw>
<kw name="End Web Test" library="Common" type="TEARDOWN">
<kw name="Run Keyword If" library="BuiltIn">
<arg>'${REMOTE_URL}'</arg>
<arg>!=</arg>
<arg>''</arg>
<arg>Update Saucelabs Test Result</arg>
<arg>${SUITE_NAME}:</arg>
<arg>${TEST_NAME}</arg>
<arg>${TEST_STATUS}</arg>
<arg>${TEST_TAGS}</arg>
<arg>${REMOTE_URL}</arg>
<doc>Runs the given keyword with the given arguments, if ``condition`` is true.</doc>
<kw name="!=">
<arg>''</arg>
<arg>Update Saucelabs Test Result</arg>
<arg>${SUITE_NAME}:</arg>
<arg>${TEST_NAME}</arg>
<arg>${TEST_STATUS}</arg>
<arg>${TEST_TAGS}</arg>
<arg>${REMOTE_URL}</arg>
<msg timestamp="20220911 12:24:24.170" level="FAIL">No keyword with name '!=' found.</msg>
<status status="FAIL" starttime="20220911 12:24:24.169" endtime="20220911 12:24:24.170"/>
</kw>
<status status="FAIL" starttime="20220911 12:24:24.167" endtime="20220911 12:24:24.170"/>
</kw>
<kw name="Close All Browsers" library="SeleniumLibrary">
<doc>Closes all open browsers and resets the browser cache.</doc>
<status status="PASS" starttime="20220911 12:24:24.170" endtime="20220911 12:24:24.170"/>
</kw>
<status status="FAIL" starttime="20220911 12:24:24.167" endtime="20220911 12:24:24.170">No keyword with name '!=' found.</status>
</kw>
<tag>currenttest</tag>
<tag>Home</tag>
<status status="FAIL" starttime="20220911 12:24:23.301" endtime="20220911 12:24:24.170">Setup failed:
WebDriverException: Message: 

Misconfigured -- Unsupported Browser Version for W3C
The browser version selected does not support W3C web protocol tests.
To fix this, specify the browser version to be 75 or higher.
Or downgrade your test to JWP to test on older browser versions.

See https://wiki.saucelabs.com/display/DOCS/W3C+Capabilities+Support for more details.


Also teardown failed:
No keyword with name '!=' found.</status>
</test>
<doc>This Test Suite verifies if all pages are accessible by all users.</doc>
<status status="FAIL" starttime="20220911 12:24:23.025" endtime="20220911 12:24:24.172"/>
</suite>
<statistics>
<total>
<stat pass="0" fail="1" skip="0">All Tests</stat>
</total>
<tag>
<stat pass="0" fail="1" skip="0">currenttest</stat>
<stat pass="0" fail="1" skip="0">Home</stat>
</tag>
<suite>
<stat pass="0" fail="1" skip="0" id="s1" name="Pagenavigation">Pagenavigation</stat>
</suite>
</statistics>
<errors>
<msg timestamp="20220911 12:24:23.231" level="ERROR">Error in file 'C:\Users\estradar\Desktop\Test Automation\development\r-shop-tests\Resources\Common.robot' on line 3: Importing library 'Saucelabs' failed: ModuleNotFoundError: No module named 'Saucelabs'
Traceback (most recent call last):
  None
PYTHONPATH:
  C:\Users\estradar\AppData\Local\Programs\Python\Python310\Scripts\robot.exe
  C:\Users\estradar\AppData\Local\Programs\Python\Python310\python310.zip
  C:\Users\estradar\AppData\Local\Programs\Python\Python310\DLLs
  C:\Users\estradar\AppData\Local\Programs\Python\Python310\lib
  C:\Users\estradar\AppData\Local\Programs\Python\Python310
  C:\Users\estradar\AppData\Local\Programs\Python\Python310\lib\site-packages</msg>
</errors>
</robot>
