<?xml version="1.0" encoding="UTF-8"?>
<robot generator="Robot 5.0.1 (Python 3.10.7 on win32)" generated="20220911 11:12:24.634" rpa="false" schemaversion="3">
<suite id="s1" name="Pagenavigation" source="C:\Users\estradar\Desktop\Test Automation\development\r-shop-tests\tests\pagenavigation.robot">
<test id="s1-t1" name="User should be able to navigate the &quot;Home&quot; page" line="11">
<kw name="Begin Web Test" library="Common" type="SETUP">
<kw name="Open Browser" library="SeleniumLibrary">
<arg>about:blank</arg>
<arg>${BROWSER}</arg>
<doc>Opens a new browser instance to the optional ``url``.</doc>
<msg timestamp="20220911 11:12:24.863" level="INFO">Opening browser 'chrome' to base url 'about:blank'.</msg>
<status status="PASS" starttime="20220911 11:12:24.863" endtime="20220911 11:12:27.914"/>
</kw>
<status status="PASS" starttime="20220911 11:12:24.863" endtime="20220911 11:12:27.914"/>
</kw>
<kw name="Navigate to &quot;Home&quot; Page" library="Navigation">
<kw name="Load" library="LandingPage">
<kw name="Go To" library="SeleniumLibrary">
<arg>${BASE_URL.${ENVIRONMENT}}</arg>
<doc>Navigates the current browser window to the provided ``url``.</doc>
<msg timestamp="20220911 11:12:27.917" level="INFO">Opening url 'http://localhost/r-shop/'</msg>
<msg timestamp="20220911 11:12:32.832" level="INFO" html="true">&lt;/td&gt;&lt;/tr&gt;&lt;tr&gt;&lt;td colspan="3"&gt;&lt;a href="selenium-screenshot-1.png"&gt;&lt;img src="selenium-screenshot-1.png" width="800px"&gt;&lt;/a&gt;</msg>
<msg timestamp="20220911 11:12:32.832" level="FAIL">WebDriverException: Message: unknown error: net::ERR_CONNECTION_REFUSED
  (Session info: chrome=105.0.5195.102)
Stacktrace:
Backtrace:
	Ordinal0 [0x005BDF13+2219795]
	Ordinal0 [0x00552841+1779777]
	Ordinal0 [0x0046423D+803389]
	Ordinal0 [0x00460A12+789010]
	Ordinal0 [0x004578FD+751869]
	Ordinal0 [0x0045853F+755007]
	Ordinal0 [0x00457B11+752401]
	Ordinal0 [0x0045706A+749674]
	Ordinal0 [0x00455F94+745364]
	Ordinal0 [0x004563FD+746493]
	Ordinal0 [0x00465A8E+809614]
	Ordinal0 [0x004BF87D+1177725]
	Ordinal0 [0x004AE7FC+1107964]
	Ordinal0 [0x004BF192+1175954]
	Ordinal0 [0x004AE616+1107478]
	Ordinal0 [0x00487F89+950153]
	Ordinal0 [0x00488F56+954198]
	GetHandleVerifier [0x008B2CB2+3040210]
	GetHandleVerifier [0x008A2BB4+2974420]
	GetHandleVerifier [0x00656A0A+565546]
	GetHandleVerifier [0x00655680+560544]
	Ordinal0 [0x00559A5C+1808988]
	Ordinal0 [0x0055E3A8+1827752]
	Ordinal0 [0x0055E495+1827989]
	Ordinal0 [0x005680A4+1867940]
	BaseThreadInitThunk [0x76E87BA9+25]
	RtlInitializeExceptionChain [0x779FBB3B+107]
	RtlClearBits [0x779FBABF+191]
</msg>
<status status="FAIL" starttime="20220911 11:12:27.916" endtime="20220911 11:12:32.872"/>
</kw>
<kw name="Maximize Browser Window" library="SeleniumLibrary">
<doc>Maximizes current browser window.</doc>
<status status="NOT RUN" starttime="20220911 11:12:32.872" endtime="20220911 11:12:32.872"/>
</kw>
<status status="FAIL" starttime="20220911 11:12:27.915" endtime="20220911 11:12:32.873"/>
</kw>
<kw name="Verify Page Loaded" library="LandingPage">
<status status="NOT RUN" starttime="20220911 11:12:32.873" endtime="20220911 11:12:32.873"/>
</kw>
<kw name="Navigate to &quot;Home&quot; Page" library="TopNav">
<status status="NOT RUN" starttime="20220911 11:12:32.873" endtime="20220911 11:12:32.873"/>
</kw>
<status status="FAIL" starttime="20220911 11:12:27.915" endtime="20220911 11:12:32.873"/>
</kw>
<kw name="End Web Test" library="Common" type="TEARDOWN">
<kw name="Close All Browsers" library="SeleniumLibrary">
<doc>Closes all open browsers and resets the browser cache.</doc>
<status status="PASS" starttime="20220911 11:12:32.874" endtime="20220911 11:12:35.066"/>
</kw>
<status status="PASS" starttime="20220911 11:12:32.874" endtime="20220911 11:12:35.066"/>
</kw>
<tag>currenttest</tag>
<tag>Home</tag>
<status status="FAIL" starttime="20220911 11:12:24.862" endtime="20220911 11:12:35.066">WebDriverException: Message: unknown error: net::ERR_CONNECTION_REFUSED
  (Session info: chrome=105.0.5195.102)
Stacktrace:
Backtrace:
	Ordinal0 [0x005BDF13+2219795]
	Ordinal0 [0x00552841+1779777]
	Ordinal0 [0x0046423D+803389]
	Ordinal0 [0x00460A12+789010]
	Ordinal0 [0x004578FD+751869]
	Ordinal0 [0x0045853F+755007]
	Ordinal0 [0x00457B11+752401]
	Ordinal0 [0x0045706A+749674]
	Ordinal0 [0x00455F94+745364]
	Ordinal0 [0x004563FD+746493]
	Ordinal0 [0x00465A8E+809614]
	Ordinal0 [0x004BF87D+1177725]
	Ordinal0 [0x004AE7FC+1107964]
	Ordinal0 [0x004BF192+1175954]
	Ordinal0 [0x004AE616+1107478]
	Ordinal0 [0x00487F89+950153]
	Ordinal0 [0x00488F56+954198]
	GetHandleVerifier [0x008B2CB2+3040210]
	GetHandleVerifier [0x008A2BB4+2974420]
	GetHandleVerifier [0x00656A0A+565546]
	GetHandleVerifier [0x00655680+560544]
	Ordinal0 [0x00559A5C+1808988]
	Ordinal0 [0x0055E3A8+1827752]
	Ordinal0 [0x0055E495+1827989]
	Ordinal0 [0x005680A4+1867940]
	BaseThreadInitThunk [0x76E87BA9+25]
	RtlInitializeExceptionChain [0x779FBB3B+107]
	RtlClearBits [0x779FBABF+191]
</status>
</test>
<doc>This Test Suite verifies if all pages are accessible by all users.</doc>
<status status="FAIL" starttime="20220911 11:12:24.634" endtime="20220911 11:12:35.070"/>
</suite>
<statistics>
<total>
<stat pass="0" fail="1" skip="0">All Tests</stat>
</total>
<tag>
<stat pass="0" fail="1" skip="0">currenttest</stat>
<stat pass="0" fail="1" skip="0">Home</stat>
</tag>
<suite>
<stat pass="0" fail="1" skip="0" id="s1" name="Pagenavigation">Pagenavigation</stat>
</suite>
</statistics>
<errors>
</errors>
</robot>
